Arguments: 
  /usr/bin/node /usr/share/yarn/bin/yarn.js start

PATH: 
  /usr/local/bin:/home/marisava/.pyenv/shims:/home/marisava/.pyenv/bin:/home/marisava/anaconda3/bin:/home/marisava/.pyenv/shims:/home/marisava/.pyenv/bin:/home/marisava/.pyenv/shims:/home/marisava/.pyenv/bin:/usr/local/sbin:/usr/local/bin:/usr/sbin:/usr/bin:/sbin:/bin:/usr/games:/usr/local/games:/home/marisava/.rvm/bin:/home/marisava/.rvm/bin

Yarn version: 
  1.5.1

Node version: 
  8.11.0

Platform: 
  linux x64

npm manifest: 
  No manifest

yarn manifest: 
  No manifest

Lockfile: 
  No lockfile

Trace: 
  Error: Couldn't find a package.json file in "/home/marisava/code/Rails/BookmarkChallenge"
      at new MessageError (/usr/share/yarn/lib/cli.js:186:110)
      at /usr/share/yarn/lib/cli.js:40048:15
      at Generator.next (<anonymous>)
      at step (/usr/share/yarn/lib/cli.js:98:30)
      at /usr/share/yarn/lib/cli.js:109:13
      at <anonymous>
